<?xml version="1.0" encoding="utf-8"?><testsuites name="pytest tests"><testsuite name="pytest" errors="0" failures="0" skipped="0" tests="22" time="27.236" timestamp="2026-04-17T14:56:19.693379+00:00" hostname="agent-env-486edc15-3a95-44d4-a6cc-50347176a9bc"><testcase classname="tests.test_crash_api.TestHealthCheck" name="test_root_endpoint" time="0.311" /><testcase classname="tests.test_crash_api.TestHealthCheck" name="test_health_endpoint" time="0.061" /><testcase classname="tests.test_crash_api.TestAuth" name="test_admin_login" time="0.289" /><testcase classname="tests.test_crash_api.TestAuth" name="test_register_new_user" time="0.284" /><testcase classname="tests.test_crash_api.TestAuth" name="test_login_with_new_user" time="0.283" /><testcase classname="tests.test_crash_api.TestAuth" name="test_get_me" time="0.063" /><testcase classname="tests.test_crash_api.TestAuth" name="test_refresh_token" time="0.057" /><testcase classname="tests.test_crash_api.TestAuth" name="test_invalid_login" time="0.054" /><testcase classname="tests.test_crash_api.TestProfile" name="test_get_profile" time="0.072" /><testcase classname="tests.test_crash_api.TestProfile" name="test_update_profile" time="0.128" /><testcase classname="tests.test_crash_api.TestContacts" name="test_get_contacts_empty" time="0.056" /><testcase classname="tests.test_crash_api.TestContacts" name="test_add_contact" time="0.268" /><testcase classname="tests.test_crash_api.TestContacts" name="test_verify_contact" time="0.127" /><testcase classname="tests.test_crash_api.TestContacts" name="test_delete_contact" time="0.125" /><testcase classname="tests.test_crash_api.TestSettings" name="test_get_settings" time="0.058" /><testcase classname="tests.test_crash_api.TestSettings" name="test_update_settings" time="0.118" /><testcase classname="tests.test_crash_api.TestImpacts" name="test_get_impacts_empty" time="0.061" /><testcase classname="tests.test_crash_api.TestImpacts" name="test_create_impact_low_severity" time="16.083" /><testcase classname="tests.test_crash_api.TestImpacts" name="test_create_impact_high_severity" time="8.437" /><testcase classname="tests.test_crash_api.TestImpacts" name="test_get_impact_detail" time="0.076" /><testcase classname="tests.test_crash_api.TestImpacts" name="test_get_impacts_list" time="0.059" /><testcase classname="tests.test_crash_api.TestTelemetry" name="test_send_telemetry" time="0.058" /></testsuite></testsuites>